<?xml version="1.0" encoding="UTF-8"?>
<!-- Generated by org.testng.reporters.JUnitXMLReporter -->
<testsuite hostname="INshwetas-MacBook-Pro.local" ignored="6" name="Test" tests="1" failures="0" timestamp="2019-09-14T14:42:25 IST" time="69.73" errors="0">
  <testcase name="editAppointmentTest" time="30.514" classname="TestCases.AppointmentOptions"/>
  <testcase name="appointment" time="0.0" classname="TestCases.AppointmentOptions">
    <ignored/>
  </testcase> <!-- appointment -->
  <testcase name="filterAppointmentTest" time="0.0" classname="TestCases.AppointmentOptions">
    <ignored/>
  </testcase> <!-- filterAppointmentTest -->
  <testcase name="completeAppointmentTest" time="0.0" classname="TestCases.AppointmentOptions">
    <ignored/>
  </testcase> <!-- completeAppointmentTest -->
  <testcase name="missAppointmentTest" time="0.0" classname="TestCases.AppointmentOptions">
    <ignored/>
  </testcase> <!-- missAppointmentTest -->
  <testcase name="checkinAppointmentTest" time="0.0" classname="TestCases.AppointmentOptions">
    <ignored/>
  </testcase> <!-- checkinAppointmentTest -->
  <testcase name="cancelAppointmentTest" time="0.0" classname="TestCases.AppointmentOptions">
    <ignored/>
  </testcase> <!-- cancelAppointmentTest -->
</testsuite> <!-- Test -->
