<?xml version="1.0" encoding="UTF-8"?>
<testng-results skipped="0" failed="0" ignored="6" total="7" passed="1">
  <reporter-output>
  </reporter-output>
  <suite name="WebdriverTest" duration-ms="69730" started-at="2019-09-14T14:41:15 IST" finished-at="2019-09-14T14:42:25 IST">
    <groups>
    </groups>
    <test name="Test" duration-ms="69730" started-at="2019-09-14T14:41:15 IST" finished-at="2019-09-14T14:42:25 IST">
      <class name="TestCases.AppointmentOptions">
        <test-method status="PASS" signature="initiateDriver()[pri:0, instance:TestCases.AppointmentOptions@5b247367]" name="initiateDriver" is-config="true" duration-ms="10" started-at="2019-09-14T14:41:15 IST" finished-at="2019-09-14T14:41:15 IST">
          <reporter-output>
          </reporter-output>
        </test-method> <!-- initiateDriver -->
        <test-method status="PASS" signature="logingInTheApplication()[pri:0, instance:TestCases.AppointmentOptions@5b247367]" name="logingInTheApplication" is-config="true" duration-ms="27522" started-at="2019-09-14T14:41:15 IST" finished-at="2019-09-14T14:41:43 IST">
          <reporter-output>
          </reporter-output>
        </test-method> <!-- logingInTheApplication -->
        <test-method status="PASS" signature="editAppointmentTest()[pri:3, instance:TestCases.AppointmentOptions@5b247367]" name="editAppointmentTest" duration-ms="30514" started-at="2019-09-14T14:41:43 IST" description="Editing the appointment" finished-at="2019-09-14T14:42:13 IST">
          <reporter-output>
          </reporter-output>
        </test-method> <!-- editAppointmentTest -->
        <test-method status="PASS" signature="logingOutOfTheApplication()[pri:0, instance:TestCases.AppointmentOptions@5b247367]" name="logingOutOfTheApplication" is-config="true" duration-ms="11075" started-at="2019-09-14T14:42:13 IST" finished-at="2019-09-14T14:42:25 IST">
          <reporter-output>
          </reporter-output>
        </test-method> <!-- logingOutOfTheApplication -->
        <test-method status="PASS" signature="endGame()[pri:0, instance:TestCases.AppointmentOptions@5b247367]" name="endGame" is-config="true" duration-ms="585" started-at="2019-09-14T14:42:25 IST" finished-at="2019-09-14T14:42:25 IST">
          <reporter-output>
          </reporter-output>
        </test-method> <!-- endGame -->
      </class> <!-- TestCases.AppointmentOptions -->
    </test> <!-- Test -->
  </suite> <!-- WebdriverTest -->
</testng-results>
